<?xml version="1.0" encoding="UTF-8"?>
<!-- Generated by org.testng.reporters.JUnitXMLReporter -->
<testsuite ignored="0" hostname="39caf45d7e93" failures="0" tests="6" name="ReqRes API Tests" time="3.383" errors="0" timestamp="2025-08-26T00:31:06 UTC">
  <testcase classname="org.yehorychev.ReqResApiTests" name="createUser_shouldReturn201AndId" time="0.983"/>
  <testcase classname="org.yehorychev.ReqResApiTests" name="deleteUser_shouldReturn204" time="0.522"/>
  <testcase classname="org.yehorychev.ReqResApiTests" name="getSingleUser_shouldContainExpectedEmail" time="0.558"/>
  <testcase classname="org.yehorychev.ReqResApiTests" name="listUsers_shouldReturnPage2With200" time="0.169"/>
  <testcase classname="org.yehorychev.ReqResApiTests" name="registerUser_shouldReturnToken" time="0.557"/>
  <testcase classname="org.yehorychev.ReqResApiTests" name="updateUser_put_shouldUpdateJob" time="0.454"/>
</testsuite> <!-- ReqRes API Tests -->
