<?xml version="1.0" encoding="UTF-8"?>
<testsuite xmlns:xsi="http://www.w3.org/2001/XMLSchema-instance" xsi:noNamespaceSchemaLocation="https://maven.apache.org/surefire/maven-surefire-plugin/xsd/surefire-test-report-3.0.xsd" version="3.0" name="TestSuite" time="3.521" tests="6" errors="0" skipped="0" failures="0">
  <properties>
[...]
</properties>
  <testcase name="createUser_shouldReturn201AndId" classname="org.yehorychev.ReqResApiTests" time="0.983">
    <system-err><![CDATA[SLF4J: Failed to load class "org.slf4j.impl.StaticLoggerBinder".
SLF4J: Defaulting to no-operation (NOP) logger implementation
SLF4J: See http://www.slf4j.org/codes.html#StaticLoggerBinder for further details.
]]></system-err>
  </testcase>
  <testcase name="deleteUser_shouldReturn204" classname="org.yehorychev.ReqResApiTests" time="0.519"/>
  <testcase name="getSingleUser_shouldContainExpectedEmail" classname="org.yehorychev.ReqResApiTests" time="0.558"/>
  <testcase name="listUsers_shouldReturnPage2With200" classname="org.yehorychev.ReqResApiTests" time="0.169"/>
  <testcase name="registerUser_shouldReturnToken" classname="org.yehorychev.ReqResApiTests" time="0.558"/>
  <testcase name="updateUser_put_shouldUpdateJob" classname="org.yehorychev.ReqResApiTests" time="0.454"/>
</testsuite>