<?xml version="1.0" encoding="UTF-8"?>
<testng-results ignored="0" total="6" passed="6" failed="0" skipped="0">
  <reporter-output>
  </reporter-output>
  <suite started-at="2025-08-26T00:31:03 UTC" name="ReqRes API Tests" finished-at="2025-08-26T00:31:06 UTC" duration-ms="3383">
    <groups>
    </groups>
    <test started-at="2025-08-26T00:31:03 UTC" name="ReqRes API Tests" finished-at="2025-08-26T00:31:06 UTC" duration-ms="3383">
      <class name="org.yehorychev.ReqResApiTests">
        <test-method is-config="true" signature="setup()[pri:0, instance:org.yehorychev.ReqResApiTests@2f177a4b]" started-at="2025-08-26T00:31:03 UTC" name="setup" finished-at="2025-08-26T00:31:03 UTC" duration-ms="128" status="PASS">
          <reporter-output>
          </reporter-output>
        </test-method> <!-- setup -->
        <test-method signature="createUser_shouldReturn201AndId()[pri:0, instance:org.yehorychev.ReqResApiTests@2f177a4b]" started-at="2025-08-26T00:31:03 UTC" name="createUser_shouldReturn201AndId" finished-at="2025-08-26T00:31:04 UTC" duration-ms="983" status="PASS">
          <reporter-output>
          </reporter-output>
        </test-method> <!-- createUser_shouldReturn201AndId -->
        <test-method signature="deleteUser_shouldReturn204()[pri:0, instance:org.yehorychev.ReqResApiTests@2f177a4b]" started-at="2025-08-26T00:31:04 UTC" name="deleteUser_shouldReturn204" finished-at="2025-08-26T00:31:05 UTC" duration-ms="522" status="PASS">
          <reporter-output>
          </reporter-output>
        </test-method> <!-- deleteUser_shouldReturn204 -->
        <test-method signature="getSingleUser_shouldContainExpectedEmail()[pri:0, instance:org.yehorychev.ReqResApiTests@2f177a4b]" started-at="2025-08-26T00:31:05 UTC" name="getSingleUser_shouldContainExpectedEmail" finished-at="2025-08-26T00:31:05 UTC" duration-ms="558" status="PASS">
          <reporter-output>
          </reporter-output>
        </test-method> <!-- getSingleUser_shouldContainExpectedEmail -->
        <test-method signature="listUsers_shouldReturnPage2With200()[pri:0, instance:org.yehorychev.ReqResApiTests@2f177a4b]" started-at="2025-08-26T00:31:05 UTC" name="listUsers_shouldReturnPage2With200" finished-at="2025-08-26T00:31:05 UTC" duration-ms="169" status="PASS">
          <reporter-output>
          </reporter-output>
        </test-method> <!-- listUsers_shouldReturnPage2With200 -->
        <test-method signature="registerUser_shouldReturnToken()[pri:0, instance:org.yehorychev.ReqResApiTests@2f177a4b]" started-at="2025-08-26T00:31:05 UTC" name="registerUser_shouldReturnToken" finished-at="2025-08-26T00:31:06 UTC" duration-ms="557" status="PASS">
          <reporter-output>
          </reporter-output>
        </test-method> <!-- registerUser_shouldReturnToken -->
        <test-method signature="updateUser_put_shouldUpdateJob()[pri:0, instance:org.yehorychev.ReqResApiTests@2f177a4b]" started-at="2025-08-26T00:31:06 UTC" name="updateUser_put_shouldUpdateJob" finished-at="2025-08-26T00:31:06 UTC" duration-ms="454" status="PASS">
          <reporter-output>
          </reporter-output>
        </test-method> <!-- updateUser_put_shouldUpdateJob -->
      </class> <!-- org.yehorychev.ReqResApiTests -->
    </test> <!-- ReqRes API Tests -->
  </suite> <!-- ReqRes API Tests -->
</testng-results>
